[main] INFO CoreNLP - --- StanfordCoreNLPServer#main() called ---
[main] INFO CoreNLP - setting default constituency parser
[main] INFO CoreNLP - warning: cannot find edu/stanford/nlp/models/srparser/englishSR.ser.gz
[main] INFO CoreNLP - using: edu/stanford/nlp/models/lexparser/englishPCFG.ser.gz instead
[main] INFO CoreNLP - to use shift reduce parser download English models jar from:
[main] INFO CoreNLP - http://stanfordnlp.github.io/CoreNLP/download.html
[main] INFO CoreNLP -     Threads: 48
[main] INFO CoreNLP - Starting server...
java.net.BindException: Address already in use
	at sun.nio.ch.Net.bind0(Native Method)
	at sun.nio.ch.Net.bind(Net.java:433)
	at sun.nio.ch.Net.bind(Net.java:425)
	at sun.nio.ch.ServerSocketChannelImpl.bind(ServerSocketChannelImpl.java:223)
	at sun.nio.ch.ServerSocketAdaptor.bind(ServerSocketAdaptor.java:74)
	at sun.net.httpserver.ServerImpl.<init>(ServerImpl.java:100)
	at sun.net.httpserver.HttpServerImpl.<init>(HttpServerImpl.java:50)
	at sun.net.httpserver.DefaultHttpServerProvider.createHttpServer(DefaultHttpServerProvider.java:35)
	at com.sun.net.httpserver.HttpServer.create(HttpServer.java:130)
	at edu.stanford.nlp.pipeline.StanfordCoreNLPServer.run(StanfordCoreNLPServer.java:1423)
	at edu.stanford.nlp.pipeline.StanfordCoreNLPServer.main(StanfordCoreNLPServer.java:1515)
[Thread-0] INFO CoreNLP - CoreNLP Server is shutting down.
