Parsing q 1
Parsing q 2
Parsing q 3
Parsing q 4
Parsing q 5
Parsing q 6
Parsing q 7
Parsing q 8
Parsing q 9
Found :  756 EDUs and save their infos
	nbTT: 744
types:  ['Other', 'Question', 'Proposition', 'Attack', 'Change_of_subject', 'Claim', 'Support', 'Taking_part', 'Counterattack']
Other : 137
Question : 42
Proposition : 160
Attack : 195
Change_of_subject : 17
Claim : 43
Support : 83
Taking_part : 28
Counterattack : 39
exiting with  756


[1A[Features] Saving infos : 1 / 757
[1A[Features] Saving infos : 2 / 757
[1A[Features] Saving infos : 3 / 757
[1A[Features] Saving infos : 4 / 757
[1A[Features] Saving infos : 5 / 757
[1A[Features] Saving infos : 6 / 757
[1A[Features] Saving infos : 7 / 757
[1A[Features] Saving infos : 8 / 757
[1A[Features] Saving infos : 9 / 757
[1A[Features] Saving infos : 10 / 757
[1A[Features] Saving infos : 11 / 757
[1A[Features] Saving infos : 12 / 757
[1A[Features] Saving infos : 13 / 757
[1A[Features] Saving infos : 14 / 757
[1A[Features] Saving infos : 15 / 757
[1A[Features] Saving infos : 16 / 757
[1A[Features] Saving infos : 17 / 757
[1A[Features] Saving infos : 18 / 757
[1A[Features] Saving infos : 19 / 757
[1A[Features] Saving infos : 20 / 757
[1A[Features] Saving infos : 21 / 757
[1A[Features] Saving infos : 22 / 757
[1A[Features] Saving infos : 23 / 757
[1A[Features] Saving infos : 24 / 757
[1A[Features] Saving infos : 25 / 757
[1A[Features] Saving infos : 26 / 757
[1A[Features] Saving infos : 27 / 757
[1A[Features] Saving infos : 28 / 757
[1A[Features] Saving infos : 29 / 757
[1A[Features] Saving infos : 30 / 757
[1A[Features] Saving infos : 31 / 757
[1A[Features] Saving infos : 32 / 757
[1A[Features] Saving infos : 33 / 757
[1A[Features] Saving infos : 34 / 757
[1A[Features] Saving infos : 35 / 757
[1A[Features] Saving infos : 36 / 757
[1A[Features] Saving infos : 37 / 757
[1A[Features] Saving infos : 38 / 757
[1A[Features] Saving infos : 39 / 757
[1A[Features] Saving infos : 40 / 757
[1A[Features] Saving infos : 41 / 757
[1A[Features] Saving infos : 42 / 757
[1A[Features] Saving infos : 43 / 757
[1A[Features] Saving infos : 44 / 757
[1A[Features] Saving infos : 45 / 757
[1A[Features] Saving infos : 46 / 757
[1A[Features] Saving infos : 47 / 757
[1A[Features] Saving infos : 48 / 757
[1A[Features] Saving infos : 49 / 757
[1A[Features] Saving infos : 50 / 757
[1A[Features] Saving infos : 51 / 757
[1A[Features] Saving infos : 52 / 757
[1A[Features] Saving infos : 53 / 757
[1A[Features] Saving infos : 54 / 757
[1A[Features] Saving infos : 55 / 757
[1A[Features] Saving infos : 56 / 757
[1A[Features] Saving infos : 57 / 757
[1A[Features] Saving infos : 58 / 757
[1A[Features] Saving infos : 59 / 757
[1A[Features] Saving infos : 60 / 757
[1A[Features] Saving infos : 61 / 757
[1A[Features] Saving infos : 62 / 757
[1A[Features] Saving infos : 63 / 757
[1A[Features] Saving infos : 64 / 757
[1A[Features] Saving infos : 65 / 757
[1A[Features] Saving infos : 66 / 757
[1A[Features] Saving infos : 67 / 757
[1A[Features] Saving infos : 68 / 757
[1A[Features] Saving infos : 69 / 757
[1A[Features] Saving infos : 70 / 757
[1A[Features] Saving infos : 71 / 757
[1A[Features] Saving infos : 72 / 757
[1A[Features] Saving infos : 73 / 757
[1A[Features] Saving infos : 74 / 757
[1A[Features] Saving infos : 75 / 757
[1A[Features] Saving infos : 76 / 757
[1A[Features] Saving infos : 77 / 757
[1A[Features] Saving infos : 78 / 757
[1A[Features] Saving infos : 79 / 757
[1A[Features] Saving infos : 80 / 757
[1A[Features] Saving infos : 81 / 757
[1A[Features] Saving infos : 82 / 757
[1A[Features] Saving infos : 83 / 757
[1A[Features] Saving infos : 84 / 757
[1A[Features] Saving infos : 85 / 757
[1A[Features] Saving infos : 86 / 757
[1A[Features] Saving infos : 87 / 757
[1A[Features] Saving infos : 88 / 757
[1A[Features] Saving infos : 89 / 757
[1A[Features] Saving infos : 90 / 757
[1A[Features] Saving infos : 91 / 757
[1A[Features] Saving infos : 92 / 757
[1A[Features] Saving infos : 1 / 757
[1A[Features] Saving infos : 2 / 757
[1A[Features] Saving infos : 3 / 757
[1A[Features] Saving infos : 4 / 757
[1A[Features] Saving infos : 5 / 757
[1A[Features] Saving infos : 6 / 757
[1A[Features] Saving infos : 7 / 757
[1A[Features] Saving infos : 8 / 757
[1A[Features] Saving infos : 9 / 757
[1A[Features] Saving infos : 10 / 757
[1A[Features] Saving infos : 11 / 757
[1A[Features] Saving infos : 12 / 757
[1A[Features] Saving infos : 13 / 757
[1A[Features] Saving infos : 14 / 757
[1A[Features] Saving infos : 15 / 757
[1A[Features] Saving infos : 16 / 757
[1A[Features] Saving infos : 17 / 757
[1A[Features] Saving infos : 18 / 757
[1A[Features] Saving infos : 19 / 757
[1A[Features] Saving infos : 20 / 757
[1A[Features] Saving infos : 21 / 757
[1A[Features] Saving infos : 22 / 757
[1A[Features] Saving infos : 23 / 757
[1A[Features] Saving infos : 24 / 757
[1A[Features] Saving infos : 25 / 757
[1A[Features] Saving infos : 26 / 757
[1A[Features] Saving infos : 27 / 757
[1A[Features] Saving infos : 28 / 757
[1A[Features] Saving infos : 29 / 757
[1A[Features] Saving infos : 30 / 757
[1A[Features] Saving infos : 31 / 757
[1A[Features] Saving infos : 32 / 757
[1A[Features] Saving infos : 33 / 757
[1A[Features] Saving infos : 34 / 757
[1A[Features] Saving infos : 35 / 757
[1A[Features] Saving infos : 36 / 757
[1A[Features] Saving infos : 37 / 757
[1A[Features] Saving infos : 38 / 757
[1A[Features] Saving infos : 39 / 757
[1A[Features] Saving infos : 40 / 757
[1A[Features] Saving infos : 41 / 757
[1A[Features] Saving infos : 42 / 757
[1A[Features] Saving infos : 43 / 757
[1A[Features] Saving infos : 44 / 757
[1A[Features] Saving infos : 45 / 757
[1A[Features] Saving infos : 46 / 757
[1A[Features] Saving infos : 47 / 757
[1A[Features] Saving infos : 48 / 757
[1A[Features] Saving infos : 49 / 757
[1A[Features] Saving infos : 50 / 757
[1A[Features] Saving infos : 51 / 757
[1A[Features] Saving infos : 52 / 757
[1A[Features] Saving infos : 53 / 757
[1A[Features] Saving infos : 54 / 757
[1A[Features] Saving infos : 55 / 757
[1A[Features] Saving infos : 56 / 757
[1A[Features] Saving infos : 57 / 757
[1A[Features] Saving infos : 58 / 757
[1A[Features] Saving infos : 59 / 757
[1A[Features] Saving infos : 60 / 757
[1A[Features] Saving infos : 61 / 757
[1A[Features] Saving infos : 62 / 757
[1A[Features] Saving infos : 63 / 757
[1A[Features] Saving infos : 64 / 757
[1A[Features] Saving infos : 65 / 757
[1A[Features] Saving infos : 66 / 757
[1A[Features] Saving infos : 67 / 757
[1A[Features] Saving infos : 68 / 757
[1A[Features] Saving infos : 69 / 757
[1A[Features] Saving infos : 70 / 757
[1A[Features] Saving infos : 71 / 757
[1A[Features] Saving infos : 72 / 757
[1A[Features] Saving infos : 73 / 757
[1A[Features] Saving infos : 74 / 757
[1A[Features] Saving infos : 75 / 757
[1A[Features] Saving infos : 76 / 757
[1A[Features] Saving infos : 77 / 757
[1A[Features] Saving infos : 78 / 757
[1A[Features] Saving infos : 79 / 757
[1A[Features] Saving infos : 80 / 757
[1A[Features] Saving infos : 81 / 757
[1A[Features] Saving infos : 82 / 757
[1A[Features] Saving infos : 83 / 757
[1A[Features] Saving infos : 84 / 757
[1A[Features] Saving infos : 85 / 757
[1A[Features] Saving infos : 86 / 757
[1A[Features] Saving infos : 87 / 757
[1A[Features] Saving infos : 88 / 757
[1A[Features] Saving infos : 89 / 757
[1A[Features] Saving infos : 90 / 757
[1A[Features] Saving infos : 91 / 757
[1A[Features] Saving infos : 92 / 757
[1A[Features] Saving infos : 93 / 757
[1A[Features] Saving infos : 94 / 757
[1A[Features] Saving infos : 95 / 757
[1A[Features] Saving infos : 1 / 757
[1A[Features] Saving infos : 2 / 757
[1A[Features] Saving infos : 3 / 757
[1A[Features] Saving infos : 4 / 757
[1A[Features] Saving infos : 5 / 757
[1A[Features] Saving infos : 6 / 757
[1A[Features] Saving infos : 7 / 757
[1A[Features] Saving infos : 8 / 757
[1A[Features] Saving infos : 9 / 757
[1A[Features] Saving infos : 10 / 757
[1A[Features] Saving infos : 11 / 757
[1A[Features] Saving infos : 12 / 757
[1A[Features] Saving infos : 13 / 757
[1A[Features] Saving infos : 14 / 757
[1A[Features] Saving infos : 15 / 757
[1A[Features] Saving infos : 16 / 757
[1A[Features] Saving infos : 17 / 757
[1A[Features] Saving infos : 18 / 757
[1A[Features] Saving infos : 19 / 757
[1A[Features] Saving infos : 20 / 757
[1A[Features] Saving infos : 21 / 757
[1A[Features] Saving infos : 22 / 757
[1A[Features] Saving infos : 23 / 757
[1A[Features] Saving infos : 24 / 757
[1A[Features] Saving infos : 25 / 757
[1A[Features] Saving infos : 26 / 757
[1A[Features] Saving infos : 27 / 757
[1A[Features] Saving infos : 28 / 757
[1A[Features] Saving infos : 29 / 757
[1A[Features] Saving infos : 30 / 757
[1A[Features] Saving infos : 31 / 757
[1A[Features] Saving infos : 32 / 757
[1A[Features] Saving infos : 33 / 757
[1A[Features] Saving infos : 34 / 757
[1A[Features] Saving infos : 35 / 757
[1A[Features] Saving infos : 36 / 757
[1A[Features] Saving infos : 37 / 757
[1A[Features] Saving infos : 38 / 757
[1A[Features] Saving infos : 39 / 757
[1A[Features] Saving infos : 40 / 757
[1A[Features] Saving infos : 41 / 757
[1A[Features] Saving infos : 42 / 757
[1A[Features] Saving infos : 43 / 757
[1A[Features] Saving infos : 44 / 757
[1A[Features] Saving infos : 45 / 757
[1A[Features] Saving infos : 46 / 757
[1A[Features] Saving infos : 47 / 757
[1A[Features] Saving infos : 48 / 757
[1A[Features] Saving infos : 49 / 757
[1A[Features] Saving infos : 50 / 757
[1A[Features] Saving infos : 51 / 757
[1A[Features] Saving infos : 52 / 757
[1A[Features] Saving infos : 53 / 757
[1A[Features] Saving infos : 54 / 757
[1A[Features] Saving infos : 55 / 757
[1A[Features] Saving infos : 56 / 757
[1A[Features] Saving infos : 57 / 757
[1A[Features] Saving infos : 58 / 757
[1A[Features] Saving infos : 59 / 757
[1A[Features] Saving infos : 60 / 757
[1A[Features] Saving infos : 61 / 757
[1A[Features] Saving infos : 62 / 757
[1A[Features] Saving infos : 63 / 757
[1A[Features] Saving infos : 64 / 757
[1A[Features] Saving infos : 65 / 757
[1A[Features] Saving infos : 66 / 757
[1A[Features] Saving infos : 67 / 757
[1A[Features] Saving infos : 68 / 757
[1A[Features] Saving infos : 69 / 757
[1A[Features] Saving infos : 70 / 757
[1A[Features] Saving infos : 71 / 757
[1A[Features] Saving infos : 72 / 757
[1A[Features] Saving infos : 73 / 757
[1A[Features] Saving infos : 74 / 757
[1A[Features] Saving infos : 75 / 757
[1A[Features] Saving infos : 76 / 757
[1A[Features] Saving infos : 77 / 757
[1A[Features] Saving infos : 78 / 757
[1A[Features] Saving infos : 79 / 757
[1A[Features] Saving infos : 80 / 757
[1A[Features] Saving infos : 81 / 757
[1A[Features] Saving infos : 82 / 757
[1A[Features] Saving infos : 83 / 757
[1A[Features] Saving infos : 84 / 757
[1A[Features] Saving infos : 85 / 757
[1A[Features] Saving infos : 86 / 757
[1A[Features] Saving infos : 87 / 757
[1A[Features] Saving infos : 88 / 757
[1A[Features] Saving infos : 89 / 757
[1A[Features] Saving infos : 90 / 757
[1A[Features] Saving infos : 91 / 757
[1A[Features] Saving infos : 92 / 757
[1A[Features] Saving infos : 93 / 757
[1A[Features] Saving infos : 94 / 757
[1A[Features] Saving infos : 95 / 757
[1A[Features] Saving infos : 96 / 757
[1A[Features] Saving infos : 97 / 757
[1A[Features] Saving infos : 98 / 757
[1A[Features] Saving infos : 1 / 757
[1A[Features] Saving infos : 2 / 757
[1A[Features] Saving infos : 3 / 757
[1A[Features] Saving infos : 4 / 757
[1A[Features] Saving infos : 5 / 757
[1A[Features] Saving infos : 6 / 757
[1A[Features] Saving infos : 7 / 757
[1A[Features] Saving infos : 8 / 757
[1A[Features] Saving infos : 9 / 757
[1A[Features] Saving infos : 10 / 757
[1A[Features] Saving infos : 11 / 757
[1A[Features] Saving infos : 12 / 757
[1A[Features] Saving infos : 13 / 757
[1A[Features] Saving infos : 14 / 757
[1A[Features] Saving infos : 15 / 757
[1A[Features] Saving infos : 16 / 757
[1A[Features] Saving infos : 17 / 757
[1A[Features] Saving infos : 18 / 757
[1A[Features] Saving infos : 19 / 757
[1A[Features] Saving infos : 20 / 757
[1A[Features] Saving infos : 21 / 757
[1A[Features] Saving infos : 22 / 757
[1A[Features] Saving infos : 23 / 757
[1A[Features] Saving infos : 24 / 757
[1A[Features] Saving infos : 25 / 757
[1A[Features] Saving infos : 26 / 757
[1A[Features] Saving infos : 27 / 757
[1A[Features] Saving infos : 28 / 757
[1A[Features] Saving infos : 29 / 757
[1A[Features] Saving infos : 30 / 757
[1A[Features] Saving infos : 31 / 757
[1A[Features] Saving infos : 32 / 757
[1A[Features] Saving infos : 33 / 757
[1A[Features] Saving infos : 34 / 757
[1A[Features] Saving infos : 35 / 757
[1A[Features] Saving infos : 36 / 757
[1A[Features] Saving infos : 37 / 757
[1A[Features] Saving infos : 38 / 757
[1A[Features] Saving infos : 39 / 757
[1A[Features] Saving infos : 40 / 757
[1A[Features] Saving infos : 41 / 757
[1A[Features] Saving infos : 42 / 757
[1A[Features] Saving infos : 43 / 757
[1A[Features] Saving infos : 44 / 757
[1A[Features] Saving infos : 45 / 757
[1A[Features] Saving infos : 46 / 757
[1A[Features] Saving infos : 47 / 757
[1A[Features] Saving infos : 48 / 757
[1A[Features] Saving infos : 49 / 757
[1A[Features] Saving infos : 50 / 757
[1A[Features] Saving infos : 51 / 757
[1A[Features] Saving infos : 52 / 757
[1A[Features] Saving infos : 53 / 757
[1A[Features] Saving infos : 54 / 757
[1A[Features] Saving infos : 55 / 757
[1A[Features] Saving infos : 56 / 757
[1A[Features] Saving infos : 57 / 757
[1A[Features] Saving infos : 58 / 757
[1A[Features] Saving infos : 59 / 757
[1A[Features] Saving infos : 60 / 757
[1A[Features] Saving infos : 61 / 757
[1A[Features] Saving infos : 62 / 757
[1A[Features] Saving infos : 63 / 757
[1A[Features] Saving infos : 64 / 757
[1A[Features] Saving infos : 65 / 757
[1A[Features] Saving infos : 66 / 757
[1A[Features] Saving infos : 67 / 757
[1A[Features] Saving infos : 68 / 757
[1A[Features] Saving infos : 69 / 757
[1A[Features] Saving infos : 70 / 757
[1A[Features] Saving infos : 71 / 757
[1A[Features] Saving infos : 72 / 757
[1A[Features] Saving infos : 73 / 757
[1A[Features] Saving infos : 74 / 757
[1A[Features] Saving infos : 75 / 757
[1A[Features] Saving infos : 76 / 757
[1A[Features] Saving infos : 77 / 757
[1A[Features] Saving infos : 78 / 757
[1A[Features] Saving infos : 79 / 757
[1A[Features] Saving infos : 80 / 757
[1A[Features] Saving infos : 81 / 757
[1A[Features] Saving infos : 82 / 757
[1A[Features] Saving infos : 83 / 757
[1A[Features] Saving infos : 84 / 757
[1A[Features] Saving infos : 85 / 757
[1A[Features] Saving infos : 86 / 757
[1A[Features] Saving infos : 87 / 757
[1A[Features] Saving infos : 88 / 757
[1A[Features] Saving infos : 89 / 757
[1A[Features] Saving infos : 90 / 757
[1A[Features] Saving infos : 91 / 757
[1A[Features] Saving infos : 92 / 757
[1A[Features] Saving infos : 93 / 757
[1A[Features] Saving infos : 94 / 757
[1A[Features] Saving infos : 95 / 757
[1A[Features] Saving infos : 96 / 757
[1A[Features] Saving infos : 97 / 757
[1A[Features] Saving infos : 98 / 757
[1A[Features] Saving infos : 1 / 757
[1A[Features] Saving infos : 2 / 757
[1A[Features] Saving infos : 3 / 757
[1A[Features] Saving infos : 4 / 757
[1A[Features] Saving infos : 5 / 757
[1A[Features] Saving infos : 6 / 757
[1A[Features] Saving infos : 7 / 757
[1A[Features] Saving infos : 8 / 757
[1A[Features] Saving infos : 9 / 757
[1A[Features] Saving infos : 10 / 757
[1A[Features] Saving infos : 11 / 757
[1A[Features] Saving infos : 12 / 757
[1A[Features] Saving infos : 13 / 757
[1A[Features] Saving infos : 14 / 757
[1A[Features] Saving infos : 15 / 757
[1A[Features] Saving infos : 16 / 757
[1A[Features] Saving infos : 17 / 757
[1A[Features] Saving infos : 18 / 757
[1A[Features] Saving infos : 19 / 757
[1A[Features] Saving infos : 20 / 757
[1A[Features] Saving infos : 21 / 757
[1A[Features] Saving infos : 22 / 757
[1A[Features] Saving infos : 23 / 757
[1A[Features] Saving infos : 24 / 757
[1A[Features] Saving infos : 25 / 757
[1A[Features] Saving infos : 26 / 757
[1A[Features] Saving infos : 27 / 757
[1A[Features] Saving infos : 28 / 757
[1A[Features] Saving infos : 29 / 757
[1A[Features] Saving infos : 30 / 757
[1A[Features] Saving infos : 31 / 757
[1A[Features] Saving infos : 32 / 757
[1A[Features] Saving infos : 33 / 757
[1A[Features] Saving infos : 34 / 757
[1A[Features] Saving infos : 35 / 757
[1A[Features] Saving infos : 36 / 757
[1A[Features] Saving infos : 37 / 757
[1A[Features] Saving infos : 38 / 757
[1A[Features] Saving infos : 39 / 757
[1A[Features] Saving infos : 40 / 757
[1A[Features] Saving infos : 41 / 757
[1A[Features] Saving infos : 42 / 757
[1A[Features] Saving infos : 43 / 757
[1A[Features] Saving infos : 44 / 757
[1A[Features] Saving infos : 45 / 757
[1A[Features] Saving infos : 46 / 757
[1A[Features] Saving infos : 47 / 757
[1A[Features] Saving infos : 48 / 757
[1A[Features] Saving infos : 49 / 757
[1A[Features] Saving infos : 50 / 757
[1A[Features] Saving infos : 51 / 757
[1A[Features] Saving infos : 52 / 757
[1A[Features] Saving infos : 53 / 757
[1A[Features] Saving infos : 54 / 757
[1A[Features] Saving infos : 55 / 757
[1A[Features] Saving infos : 56 / 757
[1A[Features] Saving infos : 57 / 757
[1A[Features] Saving infos : 58 / 757
[1A[Features] Saving infos : 59 / 757
[1A[Features] Saving infos : 60 / 757
[1A[Features] Saving infos : 61 / 757
[1A[Features] Saving infos : 62 / 757
[1A[Features] Saving infos : 63 / 757
[1A[Features] Saving infos : 64 / 757
[1A[Features] Saving infos : 65 / 757
[1A[Features] Saving infos : 66 / 757
[1A[Features] Saving infos : 67 / 757
[1A[Features] Saving infos : 68 / 757
[1A[Features] Saving infos : 69 / 757
[1A[Features] Saving infos : 70 / 757
[1A[Features] Saving infos : 71 / 757
[1A[Features] Saving infos : 72 / 757
[1A[Features] Saving infos : 73 / 757
[1A[Features] Saving infos : 74 / 757
[1A[Features] Saving infos : 75 / 757
[1A[Features] Saving infos : 76 / 757
[1A[Features] Saving infos : 77 / 757
[1A[Features] Saving infos : 78 / 757
[1A[Features] Saving infos : 79 / 757
[1A[Features] Saving infos : 80 / 757
[1A[Features] Saving infos : 81 / 757
[1A[Features] Saving infos : 82 / 757
[1A[Features] Saving infos : 83 / 757
[1A[Features] Saving infos : 84 / 757
[1A[Features] Saving infos : 85 / 757
[1A[Features] Saving infos : 86 / 757
[1A[Features] Saving infos : 87 / 757
[1A[Features] Saving infos : 88 / 757
[1A[Features] Saving infos : 89 / 757
[1A[Features] Saving infos : 90 / 757
[1A[Features] Saving infos : 91 / 757
[1A[Features] Saving infos : 92 / 757
[1A[Features] Saving infos : 93 / 757
[1A[Features] Saving infos : 94 / 757
[1A[Features] Saving infos : 95 / 757
[1A[Features] Saving infos : 96 / 757
[1A[Features] Saving infos : 97 / 757
[1A[Features] Saving infos : 98 / 757
[1A[Features] Saving infos : 99 / 757
[1A[Features] Saving infos : 100 / 757
[1A[Features] Saving infos : 101 / 757
[1A[Features] Saving infos : 1 / 757
[1A[Features] Saving infos : 2 / 757
[1A[Features] Saving infos : 3 / 757
[1A[Features] Saving infos : 4 / 757
[1A[Features] Saving infos : 5 / 757
[1A[Features] Saving infos : 6 / 757
[1A[Features] Saving infos : 7 / 757
[1A[Features] Saving infos : 8 / 757
[1A[Features] Saving infos : 9 / 757
[1A[Features] Saving infos : 10 / 757
[1A[Features] Saving infos : 11 / 757
[1A[Features] Saving infos : 12 / 757
[1A[Features] Saving infos : 13 / 757
[1A[Features] Saving infos : 14 / 757
[1A[Features] Saving infos : 15 / 757
[1A[Features] Saving infos : 16 / 757
[1A[Features] Saving infos : 17 / 757
[1A[Features] Saving infos : 18 / 757
[1A[Features] Saving infos : 19 / 757
[1A[Features] Saving infos : 20 / 757
[1A[Features] Saving infos : 21 / 757
[1A[Features] Saving infos : 22 / 757
[1A[Features] Saving infos : 23 / 757
[1A[Features] Saving infos : 24 / 757
[1A[Features] Saving infos : 25 / 757
[1A[Features] Saving infos : 26 / 757
[1A[Features] Saving infos : 27 / 757
[1A[Features] Saving infos : 28 / 757
[1A[Features] Saving infos : 29 / 757
[1A[Features] Saving infos : 30 / 757
[1A[Features] Saving infos : 31 / 757
[1A[Features] Saving infos : 32 / 757
[1A[Features] Saving infos : 33 / 757
[1A[Features] Saving infos : 34 / 757
[1A[Features] Saving infos : 35 / 757
[1A[Features] Saving infos : 36 / 757
[1A[Features] Saving infos : 37 / 757
[1A[Features] Saving infos : 38 / 757
[1A[Features] Saving infos : 39 / 757
[1A[Features] Saving infos : 40 / 757
[1A[Features] Saving infos : 41 / 757
[1A[Features] Saving infos : 42 / 757
[1A[Features] Saving infos : 43 / 757
[1A[Features] Saving infos : 44 / 757
[1A[Features] Saving infos : 45 / 757
[1A[Features] Saving infos : 46 / 757
[1A[Features] Saving infos : 47 / 757
[1A[Features] Saving infos : 48 / 757
[1A[Features] Saving infos : 49 / 757
[1A[Features] Saving infos : 50 / 757
[1A[Features] Saving infos : 51 / 757
[1A[Features] Saving infos : 52 / 757
[1A[Features] Saving infos : 53 / 757
[1A[Features] Saving infos : 54 / 757
[1A[Features] Saving infos : 55 / 757
[1A[Features] Saving infos : 56 / 757
[1A[Features] Saving infos : 57 / 757
[1A[Features] Saving infos : 58 / 757
[1A[Features] Saving infos : 59 / 757
[1A[Features] Saving infos : 60 / 757
[1A[Features] Saving infos : 61 / 757
[1A[Features] Saving infos : 62 / 757
[1A[Features] Saving infos : 63 / 757
[1A[Features] Saving infos : 64 / 757
[1A[Features] Saving infos : 65 / 757
[1A[Features] Saving infos : 66 / 757
[1A[Features] Saving infos : 67 / 757
[1A[Features] Saving infos : 68 / 757
[1A[Features] Saving infos : 69 / 757
[1A[Features] Saving infos : 70 / 757
[1A[Features] Saving infos : 71 / 757
[1A[Features] Saving infos : 72 / 757
[1A[Features] Saving infos : 73 / 757
[1A[Features] Saving infos : 74 / 757
[1A[Features] Saving infos : 75 / 757
[1A[Features] Saving infos : 76 / 757
[1A[Features] Saving infos : 77 / 757
[1A[Features] Saving infos : 78 / 757
[1A[Features] Saving infos : 79 / 757
[1A[Features] Saving infos : 80 / 757
[1A[Features] Saving infos : 81 / 757
[1A[Features] Saving infos : 82 / 757
[1A[Features] Saving infos : 83 / 757
[1A[Features] Saving infos : 84 / 757
[1A[Features] Saving infos : 85 / 757
[1A[Features] Saving infos : 86 / 757
[1A[Features] Saving infos : 1 / 757
[1A[Features] Saving infos : 2 / 757
[1A[Features] Saving infos : 3 / 757
[1A[Features] Saving infos : 4 / 757
[1A[Features] Saving infos : 5 / 757
[1A[Features] Saving infos : 6 / 757
[1A[Features] Saving infos : 7 / 757
[1A[Features] Saving infos : 8 / 757
[1A[Features] Saving infos : 9 / 757
[1A[Features] Saving infos : 10 / 757
[1A[Features] Saving infos : 11 / 757
[1A[Features] Saving infos : 12 / 757
[1A[Features] Saving infos : 13 / 757
[1A[Features] Saving infos : 14 / 757
[1A[Features] Saving infos : 15 / 757
[1A[Features] Saving infos : 16 / 757
[1A[Features] Saving infos : 17 / 757
[1A[Features] Saving infos : 18 / 757
[1A[Features] Saving infos : 19 / 757
[1A[Features] Saving infos : 20 / 757
[1A[Features] Saving infos : 21 / 757
[1A[Features] Saving infos : 22 / 757
[1A[Features] Saving infos : 23 / 757
[1A[Features] Saving infos : 24 / 757
[1A[Features] Saving infos : 25 / 757
[1A[Features] Saving infos : 26 / 757
[1A[Features] Saving infos : 27 / 757
[1A[Features] Saving infos : 28 / 757
[1A[Features] Saving infos : 29 / 757
[1A[Features] Saving infos : 30 / 757
[1A[Features] Saving infos : 31 / 757
[1A[Features] Saving infos : 32 / 757
[1A[Features] Saving infos : 33 / 757
[1A[Features] Saving infos : 34 / 757
[1A[Features] Saving infos : 35 / 757
[1A[Features] Saving infos : 36 / 757
[1A[Features] Saving infos : 37 / 757
[1A[Features] Saving infos : 38 / 757
[1A[Features] Saving infos : 39 / 757
[1A[Features] Saving infos : 40 / 757
[1A[Features] Saving infos : 41 / 757
[1A[Features] Saving infos : 42 / 757
[1A[Features] Saving infos : 43 / 757
[1A[Features] Saving infos : 44 / 757
[1A[Features] Saving infos : 45 / 757
[1A[Features] Saving infos : 46 / 757
[1A[Features] Saving infos : 47 / 757
[1A[Features] Saving infos : 48 / 757
[1A[Features] Saving infos : 49 / 757
[1A[Features] Saving infos : 50 / 757
[1A[Features] Saving infos : 51 / 757
[1A[Features] Saving infos : 52 / 757
[1A[Features] Saving infos : 53 / 757
[1A[Features] Saving infos : 54 / 757
[1A[Features] Saving infos : 55 / 757
[1A[Features] Saving infos : 56 / 757
[1A[Features] Saving infos : 57 / 757
[1A[Features] Saving infos : 58 / 757
[1A[Features] Saving infos : 59 / 757
[1A[Features] Saving infos : 60 / 757
[1A[Features] Saving infos : 61 / 757
[1A[Features] Saving infos : 62 / 757
[1A[Features] Saving infos : 63 / 757
[1A[Features] Saving infos : 64 / 757
[1A[Features] Saving infos : 65 / 757
[1A[Features] Saving infos : 66 / 757
[1A[Features] Saving infos : 67 / 757
[1A[Features] Saving infos : 68 / 757
[1A[Features] Saving infos : 69 / 757
[1A[Features] Saving infos : 70 / 757
[1A[Features] Saving infos : 71 / 757
[1A[Features] Saving infos : 72 / 757
[1A[Features] Saving infos : 73 / 757
[1A[Features] Saving infos : 74 / 757
[1A[Features] Saving infos : 75 / 757
[1A[Features] Saving infos : 76 / 757
[1A[Features] Saving infos : 77 / 757
[1A[Features] Saving infos : 78 / 757
[1A[Features] Saving infos : 79 / 757
[1A[Features] Saving infos : 80 / 757
[1A[Features] Saving infos : 81 / 757
[1A[Features] Saving infos : 82 / 757
[1A[Features] Saving infos : 83 / 757
[1A[Features] Saving infos : 84 / 757
[1A[Features] Saving infos : 85 / 757
[1A[Features] Saving infos : 86 / 757
[1A[Features] Saving infos : 87 / 757
[1A[Features] Saving infos : 88 / 757
[1A[Features] Saving infos : 89 / 757
[1A[Features] Saving infos : 90 / 757
[1A[Features] Saving infos : 91 / 757
[1A[Features] Saving infos : 92 / 757
[1A[Features] Saving infos : 93 / 757
[1A[Features] Saving infos : 94 / 757
[1A[Features] Saving infos : 95 / 757
[1A[Features] Saving infos : 96 / 757
[1A[Features] Saving infos : 1 / 757
[1A[Features] Saving infos : 2 / 757
[1A[Features] Saving infos : 3 / 757
[1A[Features] Saving infos : 4 / 757
[1A[Features] Saving infos : 5 / 757
[1A[Features] Saving infos : 6 / 757
[1A[Features] Saving infos : 7 / 757
[1A[Features] Saving infos : 8 / 757
[1A[Features] Saving infos : 9 / 757
[1A[Features] Saving infos : 10 / 757
[1A[Features] Saving infos : 11 / 757
[1A[Features] Saving infos : 12 / 757
[1A[Features] Saving infos : 13 / 757
[1A[Features] Saving infos : 14 / 757
[1A[Features] Saving infos : 15 / 757
[1A[Features] Saving infos : 16 / 757
[1A[Features] Saving infos : 17 / 757
[1A[Features] Saving infos : 18 / 757
[1A[Features] Saving infos : 19 / 757
[1A[Features] Saving infos : 20 / 757
[1A[Features] Saving infos : 21 / 757
[1A[Features] Saving infos : 22 / 757
[1A[Features] Saving infos : 23 / 757
[1A[Features] Saving infos : 24 / 757
[1A[Features] Saving infos : 25 / 757
[1A[Features] Saving infos : 26 / 757
[1A[Features] Saving infos : 27 / 757
[1A[Features] Saving infos : 28 / 757
[1A[Features] Saving infos : 29 / 757
[1A[Features] Saving infos : 30 / 757
[1A[Features] Saving infos : 31 / 757
[1A[Features] Saving infos : 32 / 757
[1A[Features] Saving infos : 33 / 757
[1A[Features] Saving infos : 34 / 757
[1A[Features] Saving infos : 35 / 757
[1A[Features] Saving infos : 36 / 757
[1A[Features] Saving infos : 37 / 757
[1A[Features] Saving infos : 38 / 757
[1A[Features] Saving infos : 39 / 757
[1A[Features] Saving infos : 40 / 757
[1A[Features] Saving infos : 41 / 757
[1A[Features] Saving infos : 42 / 757
[1A[Features] Saving infos : 43 / 757
[1A[Features] Saving infos : 44 / 757
[1A[Features] Saving infos : 45 / 757
[1A[Features] Saving infos : 46 / 757
[1A[Features] Saving infos : 47 / 757
[1A[Features] Saving infos : 48 / 757
[1A[Features] Saving infos : 49 / 757
[1A[Features] Saving infos : 50 / 757
[1A[Features] Saving infos : 51 / 757
[1A[Features] Saving infos : 52 / 757
[1A[Features] Saving infos : 53 / 757
[1A[Features] Saving infos : 54 / 757
[1A[Features] Saving infos : 55 / 757
[1A[Features] Saving infos : 56 / 757
[1A[Features] Saving infos : 57 / 757
[1A[Features] Saving infos : 58 / 757
[1A[Features] Saving infos : 59 / 757
[1A[Features] Saving infos : 60 / 757
[1A[Features] Saving infos : 61 / 757
[1A[Features] Saving infos : 62 / 757
[1A[Features] Saving infos : 63 / 757
[1A[Features] Saving infos : 64 / 757
[1A[Features] Saving infos : 65 / 757
[1A[Features] Saving infos : 66 / 757
[1A[Features] Saving infos : 67 / 757
[1A[Features] Saving infos : 68 / 757
[1A[Features] Saving infos : 69 / 757
[1A[Features] Saving infos : 70 / 757
[1A[Features] Saving infos : 71 / 757
[1A[Features] Saving infos : 72 / 757
[1A[Features] Saving infos : 73 / 757
[1A[Features] Saving infos : 74 / 757
[1A[Features] Saving infos : 75 / 757
[1A[Features] Saving infos : 76 / 757
[1A[Features] Saving infos : 77 / 757
[1A[Features] Saving infos : 78 / 757
[1A[Features] Saving infos : 79 / 757
[1A[Features] Saving infos : 80 / 757
[1A[Features] Saving infos : 81 / 757
[1A[Features] Saving infos : 82 / 757
[1A[Features] Saving infos : 83 / 757
[1A[Features] Saving infos : 84 / 757
[1A[Features] Saving infos : 85 / 757
[1A[Features] Saving infos : 86 / 757
[1A[Features] Saving infos : 87 / 757
[1A[Features] Saving infos : 88 / 757
[1A[Features] Saving infos : 89 / 757
[1A[Features] Saving infos : 90 / 757
Extracted  757 files


[1A[Features] Computing features :  1 / 757
[1A[Features] Computing features :  2 / 757
[1A[Features] Computing features :  1 / 757
[1A[Features] Computing features :  2 / 757
[1A[Features] Computing features :  3 / 757
[1A[Features] Computing features :  4 / 757
[1A[Features] Computing features :  5 / 757
[1A[Features] Computing features :  6 / 757
[1A[Features] Computing features :  7 / 757
[1A[Features] Computing features :  8 / 757
[1A[Features] Computing features :  9 / 757
[1A[Features] Computing features :  10 / 757
[1A[Features] Computing features :  11 / 757
[1A[Features] Computing features :  12 / 757
[1A[Features] Computing features :  13 / 757
[1A[Features] Computing features :  14 / 757
[1A[Features] Computing features :  15 / 757
[1A[Features] Computing features :  16 / 757
[1A[Features] Computing features :  17 / 757
[1A[Features] Computing features :  18 / 757
[1A[Features] Computing features :  19 / 757
[1A[Features] Computing features :  20 / 757
[1A[Features] Computing features :  21 / 757
[1A[Features] Computing features :  22 / 757
[1A[Features] Computing features :  23 / 757
[1A[Features] Computing features :  24 / 757
[1A[Features] Computing features :  25 / 757
[1A[Features] Computing features :  26 / 757
[1A[Features] Computing features :  27 / 757
[1A[Features] Computing features :  28 / 757
[1A[Features] Computing features :  29 / 757
[1A[Features] Computing features :  30 / 757
[1A[Features] Computing features :  31 / 757
[1A[Features] Computing features :  32 / 757
[1A[Features] Computing features :  33 / 757
[1A[Features] Computing features :  34 / 757
[1A[Features] Computing features :  35 / 757
[1A[Features] Computing features :  36 / 757
[1A[Features] Computing features :  37 / 757
[1A[Features] Computing features :  38 / 757
[1A[Features] Computing features :  39 / 757
[1A[Features] Computing features :  40 / 757
[1A[Features] Computing features :  41 / 757
[1A[Features] Computing features :  42 / 757
[1A[Features] Computing features :  43 / 757
[1A[Features] Computing features :  44 / 757
[1A[Features] Computing features :  45 / 757
[1A[Features] Computing features :  46 / 757
[1A[Features] Computing features :  47 / 757
[1A[Features] Computing features :  48 / 757
[1A[Features] Computing features :  49 / 757
[1A[Features] Computing features :  50 / 757
[1A[Features] Computing features :  51 / 757
[1A[Features] Computing features :  52 / 757
[1A[Features] Computing features :  53 / 757
[1A[Features] Computing features :  54 / 757
[1A[Features] Computing features :  55 / 757
[1A[Features] Computing features :  56 / 757
[1A[Features] Computing features :  57 / 757
[1A[Features] Computing features :  58 / 757
[1A[Features] Computing features :  1 / 757
[1A[Features] Computing features :  2 / 757
[1A[Features] Computing features :  3 / 757
[1A[Features] Computing features :  4 / 757
[1A[Features] Computing features :  5 / 757
[1A[Features] Computing features :  6 / 757
[1A[Features] Computing features :  7 / 757
[1A[Features] Computing features :  8 / 757
[1A[Features] Computing features :  9 / 757
[1A[Features] Computing features :  10 / 757
[1A[Features] Computing features :  11 / 757
[1A[Features] Computing features :  12 / 757
[1A[Features] Computing features :  13 / 757
[1A[Features] Computing features :  14 / 757
[1A[Features] Computing features :  15 / 757
[1A[Features] Computing features :  16 / 757
[1A[Features] Computing features :  17 / 757
[1A[Features] Computing features :  18 / 757
[1A[Features] Computing features :  19 / 757
[1A[Features] Computing features :  20 / 757
[1A[Features] Computing features :  21 / 757
[1A[Features] Computing features :  22 / 757
[1A[Features] Computing features :  23 / 757
[1A[Features] Computing features :  24 / 757
[1A[Features] Computing features :  25 / 757
[1A[Features] Computing features :  26 / 757
[1A[Features] Computing features :  27 / 757
[1A[Features] Computing features :  28 / 757
[1A[Features] Computing features :  29 / 757
[1A[Features] Computing features :  30 / 757
[1A[Features] Computing features :  31 / 757
[1A[Features] Computing features :  32 / 757
[1A[Features] Computing features :  33 / 757
[1A[Features] Computing features :  34 / 757
[1A[Features] Computing features :  35 / 757
[1A[Features] Computing features :  36 / 757
[1A[Features] Computing features :  37 / 757
[1A[Features] Computing features :  38 / 757
[1A[Features] Computing features :  39 / 757
[1A[Features] Computing features :  40 / 757
[1A[Features] Computing features :  41 / 757
[1A[Features] Computing features :  42 / 757
[1A[Features] Computing features :  43 / 757
[1A[Features] Computing features :  44 / 757
[1A[Features] Computing features :  45 / 757
[1A[Features] Computing features :  46 / 757
[1A[Features] Computing features :  47 / 757
[1A[Features] Computing features :  48 / 757
[1A[Features] Computing features :  49 / 757
[1A[Features] Computing features :  50 / 757
[1A[Features] Computing features :  51 / 757
[1A[Features] Computing features :  52 / 757
[1A[Features] Computing features :  53 / 757
[1A[Features] Computing features :  54 / 757
[1A[Features] Computing features :  55 / 757
[1A[Features] Computing features :  56 / 757
[1A[Features] Computing features :  57 / 757
[1A[Features] Computing features :  58 / 757
[1A[Features] Computing features :  59 / 757
[1A[Features] Computing features :  60 / 757
[1A[Features] Computing features :  61 / 757
[1A[Features] Computing features :  62 / 757
[1A[Features] Computing features :  63 / 757
[1A[Features] Computing features :  64 / 757
[1A[Features] Computing features :  65 / 757
[1A[Features] Computing features :  66 / 757
[1A[Features] Computing features :  67 / 757
[1A[Features] Computing features :  68 / 757
[1A[Features] Computing features :  69 / 757
[1A[Features] Computing features :  70 / 757
[1A[Features] Computing features :  71 / 757
[1A[Features] Computing features :  72 / 757
[1A[Features] Computing features :  73 / 757
[1A[Features] Computing features :  74 / 757
[1A[Features] Computing features :  75 / 757
[1A[Features] Computing features :  76 / 757
[1A[Features] Computing features :  77 / 757
[1A[Features] Computing features :  78 / 757
[1A[Features] Computing features :  79 / 757
[1A[Features] Computing features :  80 / 757
[1A[Features] Computing features :  81 / 757
[1A[Features] Computing features :  82 / 757
[1A[Features] Computing features :  83 / 757
[1A[Features] Computing features :  84 / 757
[1A[Features] Computing features :  85 / 757
[1A[Features] Computing features :  86 / 757
[1A[Features] Computing features :  87 / 757
[1A[Features] Computing features :  88 / 757
[1A[Features] Computing features :  89 / 757
[1A[Features] Computing features :  90 / 757
[1A[Features] Computing features :  91 / 757
[1A[Features] Computing features :  92 / 757
[1A[Features] Computing features :  93 / 757
[1A[Features] Computing features :  94 / 757
[1A[Features] Computing features :  95 / 757
[1A[Features] Computing features :  96 / 757
[1A[Features] Computing features :  97 / 757
[1A[Features] Computing features :  98 / 757
[1A[Features] Computing features :  99 / 757
[1A[Features] Computing features :  100 / 757
[1A[Features] Computing features :  101 / 757
[1A[Features] Computing features :  102 / 757
[1A[Features] Computing features :  103 / 757
[1A[Features] Computing features :  104 / 757
[1A[Features] Computing features :  105 / 757
[1A[Features] Computing features :  106 / 757
[1A[Features] Computing features :  107 / 757
[1A[Features] Computing features :  108 / 757
[1A[Features] Computing features :  109 / 757
[1A[Features] Computing features :  110 / 757
[1A[Features] Computing features :  111 / 757
[1A[Features] Computing features :  112 / 757
[1A[Features] Computing features :  113 / 757
[1A[Features] Computing features :  114 / 757
[1A[Features] Computing features :  115 / 757
[1A[Features] Computing features :  116 / 757
[1A[Features] Computing features :  117 / 757
[1A[Features] Computing features :  1 / 757
[1A[Features] Computing features :  2 / 757
[1A[Features] Computing features :  3 / 757
[1A[Features] Computing features :  4 / 757
[1A[Features] Computing features :  5 / 757
[1A[Features] Computing features :  6 / 757
[1A[Features] Computing features :  7 / 757
[1A[Features] Computing features :  8 / 757
[1A[Features] Computing features :  9 / 757
[1A[Features] Computing features :  10 / 757
[1A[Features] Computing features :  11 / 757
[1A[Features] Computing features :  12 / 757
[1A[Features] Computing features :  13 / 757
[1A[Features] Computing features :  14 / 757
[1A[Features] Computing features :  15 / 757
[1A[Features] Computing features :  16 / 757
[1A[Features] Computing features :  17 / 757
[1A[Features] Computing features :  18 / 757
[1A[Features] Computing features :  19 / 757
[1A[Features] Computing features :  20 / 757
[1A[Features] Computing features :  21 / 757
[1A[Features] Computing features :  22 / 757
[1A[Features] Computing features :  23 / 757
[1A[Features] Computing features :  24 / 757
[1A[Features] Computing features :  25 / 757
[1A[Features] Computing features :  26 / 757
[1A[Features] Computing features :  27 / 757
[1A[Features] Computing features :  28 / 757
[1A[Features] Computing features :  29 / 757
[1A[Features] Computing features :  30 / 757
[1A[Features] Computing features :  31 / 757
[1A[Features] Computing features :  32 / 757
[1A[Features] Computing features :  33 / 757
[1A[Features] Computing features :  34 / 757
[1A[Features] Computing features :  35 / 757
[1A[Features] Computing features :  36 / 757
[1A[Features] Computing features :  37 / 757
[1A[Features] Computing features :  38 / 757
[1A[Features] Computing features :  39 / 757
[1A[Features] Computing features :  40 / 757
[1A[Features] Computing features :  41 / 757
[1A[Features] Computing features :  42 / 757
[1A[Features] Computing features :  43 / 757
[1A[Features] Computing features :  44 / 757
[1A[Features] Computing features :  45 / 757
[1A[Features] Computing features :  46 / 757
[1A[Features] Computing features :  47 / 757
[1A[Features] Computing features :  48 / 757
[1A[Features] Computing features :  49 / 757
[1A[Features] Computing features :  50 / 757
[1A[Features] Computing features :  51 / 757
[1A[Features] Computing features :  52 / 757
[1A[Features] Computing features :  53 / 757
[1A[Features] Computing features :  54 / 757
[1A[Features] Computing features :  55 / 757
[1A[Features] Computing features :  56 / 757
[1A[Features] Computing features :  57 / 757
[1A[Features] Computing features :  58 / 757
[1A[Features] Computing features :  59 / 757
[1A[Features] Computing features :  60 / 757
[1A[Features] Computing features :  61 / 757
[1A[Features] Computing features :  62 / 757
[1A[Features] Computing features :  63 / 757
[1A[Features] Computing features :  64 / 757
[1A[Features] Computing features :  65 / 757
[1A[Features] Computing features :  66 / 757
[1A[Features] Computing features :  67 / 757
[1A[Features] Computing features :  68 / 757
[1A[Features] Computing features :  69 / 757
[1A[Features] Computing features :  70 / 757
[1A[Features] Computing features :  71 / 757
[1A[Features] Computing features :  72 / 757
[1A[Features] Computing features :  73 / 757
[1A[Features] Computing features :  74 / 757
[1A[Features] Computing features :  75 / 757
[1A[Features] Computing features :  76 / 757
[1A[Features] Computing features :  77 / 757
[1A[Features] Computing features :  78 / 757
[1A[Features] Computing features :  79 / 757
[1A[Features] Computing features :  80 / 757
[1A[Features] Computing features :  81 / 757
[1A[Features] Computing features :  82 / 757
[1A[Features] Computing features :  83 / 757
[1A[Features] Computing features :  84 / 757
[1A[Features] Computing features :  85 / 757
[1A[Features] Computing features :  86 / 757
[1A[Features] Computing features :  87 / 757
[1A[Features] Computing features :  88 / 757
[1A[Features] Computing features :  89 / 757
[1A[Features] Computing features :  90 / 757
[1A[Features] Computing features :  91 / 757
[1A[Features] Computing features :  92 / 757
[1A[Features] Computing features :  93 / 757
[1A[Features] Computing features :  94 / 757
[1A[Features] Computing features :  95 / 757
[1A[Features] Computing features :  96 / 757
[1A[Features] Computing features :  97 / 757
[1A[Features] Computing features :  98 / 757
[1A[Features] Computing features :  99 / 757
[1A[Features] Computing features :  100 / 757
[1A[Features] Computing features :  101 / 757
[1A[Features] Computing features :  102 / 757
[1A[Features] Computing features :  103 / 757
[1A[Features] Computing features :  104 / 757
[1A[Features] Computing features :  105 / 757
[1A[Features] Computing features :  106 / 757
[1A[Features] Computing features :  107 / 757
[1A[Features] Computing features :  108 / 757
[1A[Features] Computing features :  109 / 757
[1A[Features] Computing features :  110 / 757
[1A[Features] Computing features :  111 / 757
[1A[Features] Computing features :  112 / 757
[1A[Features] Computing features :  113 / 757
[1A[Features] Computing features :  114 / 757
[1A[Features] Computing features :  115 / 757
[1A[Features] Computing features :  116 / 757
[1A[Features] Computing features :  1 / 757
[1A[Features] Computing features :  2 / 757
[1A[Features] Computing features :  3 / 757
[1A[Features] Computing features :  4 / 757
[1A[Features] Computing features :  5 / 757
[1A[Features] Computing features :  6 / 757
[1A[Features] Computing features :  7 / 757
[1A[Features] Computing features :  8 / 757
[1A[Features] Computing features :  9 / 757
[1A[Features] Computing features :  10 / 757
[1A[Features] Computing features :  11 / 757
[1A[Features] Computing features :  12 / 757
[1A[Features] Computing features :  13 / 757
[1A[Features] Computing features :  14 / 757
[1A[Features] Computing features :  15 / 757
[1A[Features] Computing features :  16 / 757
[1A[Features] Computing features :  17 / 757
[1A[Features] Computing features :  18 / 757
[1A[Features] Computing features :  19 / 757
[1A[Features] Computing features :  20 / 757
[1A[Features] Computing features :  21 / 757
[1A[Features] Computing features :  22 / 757
[1A[Features] Computing features :  23 / 757
[1A[Features] Computing features :  24 / 757
[1A[Features] Computing features :  25 / 757
[1A[Features] Computing features :  26 / 757
[1A[Features] Computing features :  27 / 757
[1A[Features] Computing features :  28 / 757
[1A[Features] Computing features :  29 / 757
[1A[Features] Computing features :  30 / 757
[1A[Features] Computing features :  31 / 757
[1A[Features] Computing features :  32 / 757
[1A[Features] Computing features :  33 / 757
[1A[Features] Computing features :  34 / 757
[1A[Features] Computing features :  35 / 757
[1A[Features] Computing features :  36 / 757
[1A[Features] Computing features :  37 / 757
[1A[Features] Computing features :  38 / 757
[1A[Features] Computing features :  39 / 757
[1A[Features] Computing features :  40 / 757
[1A[Features] Computing features :  41 / 757
[1A[Features] Computing features :  42 / 757
[1A[Features] Computing features :  43 / 757
[1A[Features] Computing features :  44 / 757
[1A[Features] Computing features :  45 / 757
[1A[Features] Computing features :  46 / 757
[1A[Features] Computing features :  47 / 757
[1A[Features] Computing features :  48 / 757
[1A[Features] Computing features :  49 / 757
[1A[Features] Computing features :  50 / 757
[1A[Features] Computing features :  51 / 757
[1A[Features] Computing features :  52 / 757
[1A[Features] Computing features :  53 / 757
[1A[Features] Computing features :  54 / 757
[1A[Features] Computing features :  55 / 757
[1A[Features] Computing features :  56 / 757
[1A[Features] Computing features :  57 / 757
[1A[Features] Computing features :  58 / 757
[1A[Features] Computing features :  59 / 757
[1A[Features] Computing features :  60 / 757
[1A[Features] Computing features :  61 / 757
[1A[Features] Computing features :  62 / 757
[1A[Features] Computing features :  63 / 757
[1A[Features] Computing features :  64 / 757
[1A[Features] Computing features :  65 / 757
[1A[Features] Computing features :  66 / 757
[1A[Features] Computing features :  67 / 757
[1A[Features] Computing features :  68 / 757
[1A[Features] Computing features :  69 / 757
[1A[Features] Computing features :  70 / 757
[1A[Features] Computing features :  71 / 757
[1A[Features] Computing features :  72 / 757
[1A[Features] Computing features :  73 / 757
[1A[Features] Computing features :  74 / 757
[1A[Features] Computing features :  75 / 757
[1A[Features] Computing features :  76 / 757
[1A[Features] Computing features :  77 / 757
[1A[Features] Computing features :  78 / 757
[1A[Features] Computing features :  79 / 757
[1A[Features] Computing features :  80 / 757
[1A[Features] Computing features :  81 / 757
[1A[Features] Computing features :  82 / 757
[1A[Features] Computing features :  83 / 757
[1A[Features] Computing features :  84 / 757
[1A[Features] Computing features :  85 / 757
[1A[Features] Computing features :  86 / 757
[1A[Features] Computing features :  87 / 757
[1A[Features] Computing features :  88 / 757
[1A[Features] Computing features :  89 / 757
[1A[Features] Computing features :  90 / 757
[1A[Features] Computing features :  91 / 757
[1A[Features] Computing features :  92 / 757
[1A[Features] Computing features :  93 / 757
[1A[Features] Computing features :  94 / 757
[1A[Features] Computing features :  95 / 757
[1A[Features] Computing features :  96 / 757
[1A[Features] Computing features :  97 / 757
[1A[Features] Computing features :  98 / 757
[1A[Features] Computing features :  99 / 757
[1A[Features] Computing features :  100 / 757
[1A[Features] Computing features :  101 / 757
[1A[Features] Computing features :  102 / 757
[1A[Features] Computing features :  103 / 757
[1A[Features] Computing features :  104 / 757
[1A[Features] Computing features :  105 / 757
[1A[Features] Computing features :  106 / 757
[1A[Features] Computing features :  107 / 757
[1A[Features] Computing features :  108 / 757
[1A[Features] Computing features :  109 / 757
[1A[Features] Computing features :  110 / 757
[1A[Features] Computing features :  111 / 757
[1A[Features] Computing features :  112 / 757
[1A[Features] Computing features :  113 / 757
[1A[Features] Computing features :  114 / 757
[1A[Features] Computing features :  115 / 757
[1A[Features] Computing features :  116 / 757
[1A[Features] Computing features :  1 / 757
[1A[Features] Computing features :  2 / 757
[1A[Features] Computing features :  3 / 757
[1A[Features] Computing features :  4 / 757
[1A[Features] Computing features :  5 / 757
[1A[Features] Computing features :  6 / 757
[1A[Features] Computing features :  7 / 757
[1A[Features] Computing features :  8 / 757
[1A[Features] Computing features :  9 / 757
[1A[Features] Computing features :  10 / 757
[1A[Features] Computing features :  11 / 757
[1A[Features] Computing features :  12 / 757
[1A[Features] Computing features :  13 / 757
[1A[Features] Computing features :  14 / 757
[1A[Features] Computing features :  15 / 757
[1A[Features] Computing features :  16 / 757
[1A[Features] Computing features :  17 / 757
[1A[Features] Computing features :  18 / 757
[1A[Features] Computing features :  19 / 757
[1A[Features] Computing features :  20 / 757
[1A[Features] Computing features :  21 / 757
[1A[Features] Computing features :  22 / 757
[1A[Features] Computing features :  23 / 757
[1A[Features] Computing features :  24 / 757
[1A[Features] Computing features :  25 / 757
[1A[Features] Computing features :  26 / 757
[1A[Features] Computing features :  27 / 757
[1A[Features] Computing features :  28 / 757
[1A[Features] Computing features :  29 / 757
[1A[Features] Computing features :  30 / 757
[1A[Features] Computing features :  31 / 757
[1A[Features] Computing features :  32 / 757
[1A[Features] Computing features :  33 / 757
[1A[Features] Computing features :  34 / 757
[1A[Features] Computing features :  35 / 757
[1A[Features] Computing features :  36 / 757
[1A[Features] Computing features :  37 / 757
[1A[Features] Computing features :  38 / 757
[1A[Features] Computing features :  39 / 757
[1A[Features] Computing features :  40 / 757
[1A[Features] Computing features :  41 / 757
[1A[Features] Computing features :  42 / 757
[1A[Features] Computing features :  43 / 757
[1A[Features] Computing features :  44 / 757
[1A[Features] Computing features :  45 / 757
[1A[Features] Computing features :  46 / 757
[1A[Features] Computing features :  47 / 757
[1A[Features] Computing features :  48 / 757
[1A[Features] Computing features :  49 / 757
[1A[Features] Computing features :  50 / 757
[1A[Features] Computing features :  51 / 757
[1A[Features] Computing features :  52 / 757
[1A[Features] Computing features :  53 / 757
[1A[Features] Computing features :  54 / 757
[1A[Features] Computing features :  55 / 757
[1A[Features] Computing features :  56 / 757
[1A[Features] Computing features :  57 / 757
[1A[Features] Computing features :  58 / 757
[1A[Features] Computing features :  59 / 757
[1A[Features] Computing features :  60 / 757
[1A[Features] Computing features :  61 / 757
[1A[Features] Computing features :  62 / 757
[1A[Features] Computing features :  63 / 757
[1A[Features] Computing features :  64 / 757
[1A[Features] Computing features :  65 / 757
[1A[Features] Computing features :  66 / 757
[1A[Features] Computing features :  67 / 757
[1A[Features] Computing features :  68 / 757
[1A[Features] Computing features :  69 / 757
[1A[Features] Computing features :  70 / 757
[1A[Features] Computing features :  71 / 757
[1A[Features] Computing features :  72 / 757
[1A[Features] Computing features :  73 / 757
[1A[Features] Computing features :  74 / 757
[1A[Features] Computing features :  75 / 757
[1A[Features] Computing features :  76 / 757
[1A[Features] Computing features :  77 / 757
[1A[Features] Computing features :  78 / 757
[1A[Features] Computing features :  79 / 757
[1A[Features] Computing features :  80 / 757
[1A[Features] Computing features :  81 / 757
[1A[Features] Computing features :  82 / 757
[1A[Features] Computing features :  83 / 757
[1A[Features] Computing features :  84 / 757
[1A[Features] Computing features :  85 / 757
[1A[Features] Computing features :  86 / 757
[1A[Features] Computing features :  87 / 757
[1A[Features] Computing features :  88 / 757
[1A[Features] Computing features :  89 / 757
[1A[Features] Computing features :  90 / 757
[1A[Features] Computing features :  91 / 757
[1A[Features] Computing features :  92 / 757
[1A[Features] Computing features :  93 / 757
[1A[Features] Computing features :  94 / 757
[1A[Features] Computing features :  95 / 757
[1A[Features] Computing features :  96 / 757
[1A[Features] Computing features :  97 / 757
[1A[Features] Computing features :  98 / 757
[1A[Features] Computing features :  99 / 757
[1A[Features] Computing features :  100 / 757
[1A[Features] Computing features :  101 / 757
[1A[Features] Computing features :  102 / 757
[1A[Features] Computing features :  103 / 757
[1A[Features] Computing features :  104 / 757
[1A[Features] Computing features :  105 / 757
[1A[Features] Computing features :  106 / 757
[1A[Features] Computing features :  107 / 757
[1A[Features] Computing features :  108 / 757
[1A[Features] Computing features :  109 / 757
[1A[Features] Computing features :  110 / 757
[1A[Features] Computing features :  111 / 757
[1A[Features] Computing features :  112 / 757
[1A[Features] Computing features :  113 / 757
[1A[Features] Computing features :  114 / 757
[1A[Features] Computing features :  115 / 757
[1A[Features] Computing features :  116 / 757
[1A[Features] Computing features :  1 / 757
[1A[Features] Computing features :  2 / 757
[1A[Features] Computing features :  3 / 757
[1A[Features] Computing features :  4 / 757
[1A[Features] Computing features :  5 / 757
[1A[Features] Computing features :  6 / 757
[1A[Features] Computing features :  7 / 757
[1A[Features] Computing features :  8 / 757
[1A[Features] Computing features :  9 / 757
[1A[Features] Computing features :  10 / 757
[1A[Features] Computing features :  11 / 757
[1A[Features] Computing features :  12 / 757
[1A[Features] Computing features :  13 / 757
[1A[Features] Computing features :  14 / 757
[1A[Features] Computing features :  15 / 757
[1A[Features] Computing features :  16 / 757
[1A[Features] Computing features :  17 / 757
[1A[Features] Computing features :  18 / 757
[1A[Features] Computing features :  19 / 757
[1A[Features] Computing features :  20 / 757
[1A[Features] Computing features :  21 / 757
[1A[Features] Computing features :  22 / 757
[1A[Features] Computing features :  23 / 757
[1A[Features] Computing features :  24 / 757
[1A[Features] Computing features :  25 / 757
[1A[Features] Computing features :  26 / 757
[1A[Features] Computing features :  27 / 757
[1A[Features] Computing features :  28 / 757
[1A[Features] Computing features :  29 / 757
[1A[Features] Computing features :  30 / 757
[1A[Features] Computing features :  31 / 757
[1A[Features] Computing features :  32 / 757
[1A[Features] Computing features :  33 / 757
[1A[Features] Computing features :  34 / 757
[1A[Features] Computing features :  35 / 757
[1A[Features] Computing features :  36 / 757
[1A[Features] Computing features :  37 / 757
[1A[Features] Computing features :  38 / 757
[1A[Features] Computing features :  39 / 757
[1A[Features] Computing features :  40 / 757
[1A[Features] Computing features :  41 / 757
[1A[Features] Computing features :  42 / 757
[1A[Features] Computing features :  43 / 757
[1A[Features] Computing features :  44 / 757
[1A[Features] Computing features :  45 / 757
[1A[Features] Computing features :  46 / 757
[1A[Features] Computing features :  47 / 757
[1A[Features] Computing features :  48 / 757
[1A[Features] Computing features :  49 / 757
[1A[Features] Computing features :  50 / 757
[1A[Features] Computing features :  51 / 757
[1A[Features] Computing features :  52 / 757
[1A[Features] Computing features :  53 / 757
[1A[Features] Computing features :  54 / 757
[1A[Features] Computing features :  55 / 757
[1A[Features] Computing features :  56 / 757
[1A[Features] Computing features :  57 / 757
[1A[Features] Computing features :  58 / 757
[1A[Features] Computing features :  59 / 757
[1A[Features] Computing features :  60 / 757
[1A[Features] Computing features :  61 / 757
[1A[Features] Computing features :  62 / 757
[1A[Features] Computing features :  63 / 757
[1A[Features] Computing features :  64 / 757
[1A[Features] Computing features :  65 / 757
[1A[Features] Computing features :  66 / 757
[1A[Features] Computing features :  67 / 757
[1A[Features] Computing features :  68 / 757
[1A[Features] Computing features :  69 / 757
[1A[Features] Computing features :  70 / 757
[1A[Features] Computing features :  71 / 757
[1A[Features] Computing features :  72 / 757
[1A[Features] Computing features :  73 / 757
[1A[Features] Computing features :  74 / 757
[1A[Features] Computing features :  75 / 757
[1A[Features] Computing features :  76 / 757
[1A[Features] Computing features :  77 / 757
[1A[Features] Computing features :  78 / 757
[1A[Features] Computing features :  79 / 757
[1A[Features] Computing features :  80 / 757
[1A[Features] Computing features :  81 / 757
[1A[Features] Computing features :  82 / 757
[1A[Features] Computing features :  83 / 757
[1A[Features] Computing features :  84 / 757
[1A[Features] Computing features :  85 / 757
[1A[Features] Computing features :  86 / 757
[1A[Features] Computing features :  87 / 757
[1A[Features] Computing features :  88 / 757
[1A[Features] Computing features :  89 / 757
[1A[Features] Computing features :  90 / 757
[1A[Features] Computing features :  91 / 757
[1A[Features] Computing features :  92 / 757
[1A[Features] Computing features :  93 / 757
[1A[Features] Computing features :  94 / 757
[1A[Features] Computing features :  95 / 757
[1A[Features] Computing features :  96 / 757
[1A[Features] Computing features :  97 / 757
[1A[Features] Computing features :  98 / 757
[1A[Features] Computing features :  99 / 757
[1A[Features] Computing features :  100 / 757
[1A[Features] Computing features :  101 / 757
[1A[Features] Computing features :  102 / 757
[1A[Features] Computing features :  103 / 757
[1A[Features] Computing features :  104 / 757
[1A[Features] Computing features :  105 / 757
[1A[Features] Computing features :  106 / 757
[1A[Features] Computing features :  107 / 757
[1A[Features] Computing features :  108 / 757
[1A[Features] Computing features :  109 / 757
[1A[Features] Computing features :  110 / 757
[1A[Features] Computing features :  111 / 757
[1A[Features] Computing features :  112 / 757
[1A[Features] Computing features :  113 / 757
[1A[Features] Computing features :  114 / 757
[1A[Features] Computing features :  115 / 757
[1A[Features] Computing features :  1 / 757
[1A[Features] Computing features :  2 / 757
[1A[Features] Computing features :  3 / 757
[1A[Features] Computing features :  4 / 757
[1A[Features] Computing features :  5 / 757
[1A[Features] Computing features :  6 / 757
[1A[Features] Computing features :  7 / 757
[1A[Features] Computing features :  8 / 757
[1A[Features] Computing features :  9 / 757
[1A[Features] Computing features :  10 / 757
[1A[Features] Computing features :  11 / 757
[1A[Features] Computing features :  12 / 757
[1A[Features] Computing features :  13 / 757
[1A[Features] Computing features :  14 / 757
[1A[Features] Computing features :  15 / 757
[1A[Features] Computing features :  16 / 757
[1A[Features] Computing features :  17 / 757
[1A[Features] Computing features :  18 / 757
[1A[Features] Computing features :  19 / 757
[1A[Features] Computing features :  20 / 757
[1A[Features] Computing features :  21 / 757
[1A[Features] Computing features :  22 / 757
[1A[Features] Computing features :  23 / 757
[1A[Features] Computing features :  24 / 757
[1A[Features] Computing features :  25 / 757
[1A[Features] Computing features :  26 / 757
[1A[Features] Computing features :  27 / 757
[1A[Features] Computing features :  28 / 757
[1A[Features] Computing features :  29 / 757
[1A[Features] Computing features :  30 / 757
[1A[Features] Computing features :  31 / 757
[1A[Features] Computing features :  32 / 757
[1A[Features] Computing features :  33 / 757
[1A[Features] Computing features :  34 / 757
[1A[Features] Computing features :  35 / 757
[1A[Features] Computing features :  36 / 757
[1A[Features] Computing features :  37 / 757
[1A[Features] Computing features :  38 / 757
[1A[Features] Computing features :  39 / 757
[1A[Features] Computing features :  40 / 757
[1A[Features] Computing features :  41 / 757
[1A[Features] Computing features :  42 / 757
[1A[Features] Computing features :  43 / 757
[1A[Features] Computing features :  44 / 757
[1A[Features] Computing features :  45 / 757
[1A[Features] Computing features :  46 / 757
[1A[Features] Computing features :  47 / 757
[1A[Features] Computing features :  48 / 757
[1A[Features] Computing features :  49 / 757
[1A[Features] Computing features :  50 / 757
[1A[Features] Computing features :  51 / 757
[1A[Features] Computing features :  52 / 757
[1A[Features] Computing features :  53 / 757
[1A[Features] Computing features :  54 / 757
[1A[Features] Computing features :  55 / 757
[1A[Features] Computing features :  56 / 757
[1A[Features] Computing features :  57 / 757
[1A[Features] Computing features :  58 / 757
[1A[Features] Computing features :  59 / 757
[1A[Features] Computing features :  60 / 757
[1A[Features] Computing features :  61 / 757
[1A[Features] Computing features :  62 / 757
[1A[Features] Computing features :  63 / 757
[1A[Features] Computing features :  64 / 757
[1A[Features] Computing features :  65 / 757
[1A[Features] Computing features :  66 / 757
[1A[Features] Computing features :  67 / 757
[1A[Features] Computing features :  68 / 757
[1A[Features] Computing features :  69 / 757
[1A[Features] Computing features :  70 / 757
[1A[Features] Computing features :  71 / 757
[1A[Features] Computing features :  72 / 757
[1A[Features] Computing features :  73 / 757
[1A[Features] Computing features :  74 / 757
[1A[Features] Computing features :  75 / 757
[1A[Features] Computing features :  76 / 757
[1A[Features] Computing features :  77 / 757
[1A[Features] Computing features :  78 / 757
[1A[Features] Computing features :  79 / 757
[1A[Features] Computing features :  80 / 757
[1A[Features] Computing features :  81 / 757
[1A[Features] Computing features :  82 / 757
[1A[Features] Computing features :  83 / 757
[1A[Features] Computing features :  84 / 757
[1A[Features] Computing features :  85 / 757
[1A[Features] Computing features :  86 / 757
[1A[Features] Computing features :  87 / 757
[1A[Features] Computing features :  88 / 757
[1A[Features] Computing features :  89 / 757
[1A[Features] Computing features :  90 / 757
[1A[Features] Computing features :  91 / 757
[1A[Features] Computing features :  92 / 757
[1A[Features] Computing features :  93 / 757
[1A[Features] Computing features :  94 / 757
[1A[Features] Computing features :  95 / 757
[1A[Features] Computing features :  96 / 757
[1A[Features] Computing features :  97 / 757
[1A[Features] Computing features :  98 / 757
[1A[Features] Computing features :  99 / 757
[1A[Features] Computing features :  100 / 757
[1A[Features] Computing features :  101 / 757
[1A[Features] Computing features :  102 / 757
[1A[Features] Computing features :  103 / 757
[1A[Features] Computing features :  104 / 757
[1A[Features] Computing features :  105 / 757
[1A[Features] Computing features :  106 / 757
[1A[Features] Computing features :  107 / 757
[1A[Features] Computing features :  108 / 757
[1A[Features] Computing features :  109 / 757
[1A[Features] Computing features :  110 / 757
[1A[Features] Computing features :  111 / 757
[1A[Features] Computing features :  112 / 757
[1A[Features] Computing features :  113 / 757
[1A[Features] Computing features :  114 / 757
[1A[Features] Computing features :  115 / 757
[1A[Features] Computing features :  116 / 757
Computing  757 files
[Param] NB_CORE : 16
[Param] MAX_ITER_MIN : 100
[Param] MAX_ITER_MAX : 1000
[Param] TEST_PERCENT : 0.1
[Param] VERBOSE : min
[Info] Loading features...
[Data] Features keys: ['as!', 'as...', 'as?', 'nb1stPers', 'nb2ndPers', 'nb3rdPluPers', 'nb3rdSingPers', 'nbWhWords', 'question']
[Info] Loading targets...
[Data] Targets Types classifier :  {'Claim', 'Taking_part', 'Counterattack', 'Question', 'Unknown', 'Other', 'Support', 'Attack', 'Proposition', 'Change_of_subject'}
Claim 44
Taking_part 28
Counterattack 41
Question 43
Unknown 5
Other 134
Support 83
Attack 197
Proposition 163
Change_of_subject 17
[Info] Preprocessing...
